{"level":"info","message":"db connected"}
{"level":"info","message":"db connected"}
{"level":"info","message":"db connected"}
{"level":"info","message":"db connected"}
{"level":"info","message":"db connected"}
{"level":"info","message":"db connected"}
{"level":"info","message":"db connected"}
{"level":"info","message":"db connected"}
{"level":"info","message":"db connected"}
{"level":"info","message":"db connected"}
{"level":"info","message":"db connected"}
{"level":"info","message":"db connected"}
{"level":"info","message":"db connected"}
{"level":"info","message":"db connected"}
{"level":"info","message":"db connected"}
{"level":"info","message":"db connected"}
{"level":"info","message":"db connected"}
{"level":"info","message":"db connected"}
{"level":"info","message":"db connected"}
{"level":"info","message":"db connected"}
{"level":"info","message":"db connected"}
{"level":"info","message":"db connected"}
{"level":"info","message":"db connected"}
{"level":"info","message":"db connected"}
{"level":"info","message":"db connected"}
{"level":"info","message":"db connected"}
{"level":"info","message":"db connected"}
{"level":"info","message":"db connected"}
{"level":"info","message":"db connected"}
{"level":"info","message":"db connected"}
{"level":"info","message":"db connected"}
{"level":"info","message":"db connected"}
{"level":"info","message":"db connected"}
{"level":"info","message":"db connected"}
{"level":"info","message":"db connected"}
{"code":"ERR_HTTP_INVALID_STATUS_CODE","level":"error","message":"Invalid status code: 3 Invalid status code: 3","stack":"RangeError [ERR_HTTP_INVALID_STATUS_CODE]: Invalid status code: 3\n    at new NodeError (node:internal/errors:371:5)\n    at ServerResponse.writeHead (node:_http_server:274:11)\n    at ServerResponse._implicitHeader (node:_http_server:265:8)\n    at ServerResponse.end (node:_http_outgoing:871:10)\n    at ServerResponse.send (C:\\Users\\Ideapad 5\\Desktop\\JS Projects\\GitHub\\Todo List App\\node_modules\\express\\lib\\response.js:232:10)\n    at addTodo (C:\\Users\\Ideapad 5\\Desktop\\JS Projects\\GitHub\\Todo List App\\app\\http\\controller\\userController.js:79:13)\n    at processTicksAndRejections (node:internal/process/task_queues:96:5)"}
{"level":"info","message":"db connected"}
{"level":"info","message":"db connected"}
{"level":"error","message":"Cannot read properties of undefined (reading 'remove') Cannot read properties of undefined (reading 'remove')","stack":"TypeError: Cannot read properties of undefined (reading 'remove')\n    at deleteTodo (C:\\Users\\Ideapad 5\\Desktop\\JS Projects\\GitHub\\Todo List App\\app\\http\\controller\\userController.js:110:55)\n    at runMicrotasks (<anonymous>)\n    at processTicksAndRejections (node:internal/process/task_queues:96:5)"}
{"level":"error","message":"Cannot read properties of undefined (reading 'remove') Cannot read properties of undefined (reading 'remove')","stack":"TypeError: Cannot read properties of undefined (reading 'remove')\n    at deleteTodo (C:\\Users\\Ideapad 5\\Desktop\\JS Projects\\GitHub\\Todo List App\\app\\http\\controller\\userController.js:110:55)\n    at runMicrotasks (<anonymous>)\n    at processTicksAndRejections (node:internal/process/task_queues:96:5)"}
{"level":"info","message":"db connected"}
{"level":"info","message":"db connected"}
{"level":"info","message":"db connected"}
{"level":"info","message":"db connected"}
{"level":"info","message":"db connected"}
{"level":"info","message":"db connected"}
{"level":"info","message":"db connected"}
{"level":"info","message":"db connected"}
{"level":"info","message":"db connected"}
{"level":"info","message":"db connected"}
{"level":"info","message":"db connected"}
{"level":"info","message":"db connected"}
{"level":"info","message":"db connected"}
{"level":"info","message":"db connected"}
{"level":"info","message":"db connected"}
{"level":"info","message":"db connected"}
{"level":"info","message":"db connected"}
{"level":"info","message":"db connected"}
{"level":"info","message":"db connected"}
{"level":"info","message":"db connected"}
{"level":"info","message":"db connected"}
{"level":"info","message":"db connected"}
{"level":"info","message":"db connected"}
{"level":"info","message":"db connected"}
{"level":"info","message":"db connected"}
{"level":"info","message":"db connected"}
{"level":"info","message":"db connected"}
{"level":"info","message":"db connected"}
{"level":"info","message":"db connected"}
{"level":"info","message":"db connected"}
{"level":"info","message":"db connected"}
{"level":"info","message":"db connected"}
{"level":"info","message":"db connected"}
{"level":"info","message":"db connected"}
{"level":"info","message":"db connected"}
{"level":"info","message":"db connected"}
{"level":"info","message":"db connected"}
{"level":"info","message":"db connected"}
{"level":"info","message":"db connected"}
{"level":"info","message":"db connected"}
{"level":"info","message":"db connected"}
{"level":"info","message":"db connected"}
{"level":"info","message":"db connected"}
{"code":79,"codeName":"UnknownReplWriteConcern","errInfo":{"writeConcern":{"provenance":"clientSupplied","w":"majority/todoList","wtimeout":0}},"level":"error","message":"No write concern mode named 'majority/todoList' found in replica set configuration No write concern mode named 'majority/todoList' found in replica set configuration","name":"MongoWriteConcernError","result":{"$clusterTime":{"clusterTime":"7262795951008382985","signature":{"hash":"guUwdKrJYmeVno2zUmouIFb0SQc=","keyId":"7207699251541835780"}},"electionId":"7fffffff000000000000014d","n":1,"ok":1,"opTime":{"t":333,"ts":"7262795951008382985"},"operationTime":"7262795951008382985","writeConcernError":{"code":79,"codeName":"UnknownReplWriteConcern","errInfo":{"writeConcern":{"provenance":"clientSupplied","w":"majority/todoList","wtimeout":0}},"errmsg":"No write concern mode named 'majority/todoList' found in replica set configuration"}},"stack":"MongoWriteConcernError: No write concern mode named 'majority/todoList' found in replica set configuration\n    at MessageStream.messageHandler (C:\\Users\\Kedar\\Documents\\Kedar\\PICT\\others projects\\MERN-Stack-todo-website-master\\server\\node_modules\\mongodb\\lib\\cmap\\connection.js:294:20)\n    at MessageStream.emit (events.js:400:28)\n    at processIncomingData (C:\\Users\\Kedar\\Documents\\Kedar\\PICT\\others projects\\MERN-Stack-todo-website-master\\server\\node_modules\\mongodb\\lib\\cmap\\message_stream.js:144:12)\n    at MessageStream._write (C:\\Users\\Kedar\\Documents\\Kedar\\PICT\\others projects\\MERN-Stack-todo-website-master\\server\\node_modules\\mongodb\\lib\\cmap\\message_stream.js:42:5)\n    at writeOrBuffer (internal/streams/writable.js:358:12)\n    at MessageStream.Writable.write (internal/streams/writable.js:303:10)\n    at TLSSocket.ondata (internal/streams/readable.js:731:22)\n    at TLSSocket.emit (events.js:400:28)\n    at addChunk (internal/streams/readable.js:293:12)\n    at readableAddChunk (internal/streams/readable.js:267:9)\n    at TLSSocket.Readable.push (internal/streams/readable.js:206:10)\n    at TLSWrap.onStreamRead (internal/stream_base_commons.js:188:23)"}
{"code":79,"codeName":"UnknownReplWriteConcern","errInfo":{"writeConcern":{"provenance":"clientSupplied","w":"majority/todoList","wtimeout":0}},"level":"error","message":"No write concern mode named 'majority/todoList' found in replica set configuration No write concern mode named 'majority/todoList' found in replica set configuration","name":"MongoWriteConcernError","result":{"$clusterTime":{"clusterTime":"7262796569483673622","signature":{"hash":"XqkV/FrQ6/zE1EwZwdfrv2QFZ4c=","keyId":"7207699251541835780"}},"electionId":"7fffffff000000000000014d","n":1,"ok":1,"opTime":{"t":333,"ts":"7262796569483673622"},"operationTime":"7262796569483673622","writeConcernError":{"code":79,"codeName":"UnknownReplWriteConcern","errInfo":{"writeConcern":{"provenance":"clientSupplied","w":"majority/todoList","wtimeout":0}},"errmsg":"No write concern mode named 'majority/todoList' found in replica set configuration"}},"stack":"MongoWriteConcernError: No write concern mode named 'majority/todoList' found in replica set configuration\n    at MessageStream.messageHandler (C:\\Users\\Kedar\\Documents\\Kedar\\PICT\\others projects\\MERN-Stack-todo-website-master\\server\\node_modules\\mongodb\\lib\\cmap\\connection.js:294:20)\n    at MessageStream.emit (events.js:400:28)\n    at processIncomingData (C:\\Users\\Kedar\\Documents\\Kedar\\PICT\\others projects\\MERN-Stack-todo-website-master\\server\\node_modules\\mongodb\\lib\\cmap\\message_stream.js:144:12)\n    at MessageStream._write (C:\\Users\\Kedar\\Documents\\Kedar\\PICT\\others projects\\MERN-Stack-todo-website-master\\server\\node_modules\\mongodb\\lib\\cmap\\message_stream.js:42:5)\n    at writeOrBuffer (internal/streams/writable.js:358:12)\n    at MessageStream.Writable.write (internal/streams/writable.js:303:10)\n    at TLSSocket.ondata (internal/streams/readable.js:731:22)\n    at TLSSocket.emit (events.js:400:28)\n    at addChunk (internal/streams/readable.js:293:12)\n    at readableAddChunk (internal/streams/readable.js:267:9)\n    at TLSSocket.Readable.push (internal/streams/readable.js:206:10)\n    at TLSWrap.onStreamRead (internal/stream_base_commons.js:188:23)"}
{"level":"info","message":"db connected"}
{"level":"info","message":"db connected"}
{"level":"info","message":"db connected"}
{"level":"error","message":"database names cannot contain the character '/'"}
{"level":"error","message":"database names cannot contain the character '/'"}
{"level":"info","message":"db connected"}
